Determining if files sys/statfs.h exist failed with the following output:
Change Dir: /Users/npyl/Manage-Conky/ConkyX/conky-for-macOS/ManageConky/CMakeFiles/CMakeTmp

Run Build Command:"/usr/bin/xcodebuild" "-project" "CMAKE_TRY_COMPILE.xcodeproj" "build" "-target" "cmTC_40c0d" "-configuration" "Debug"
Prepare build
note: Using legacy build system

=== BUILD TARGET cmTC_40c0d OF PROJECT CMAKE_TRY_COMPILE WITH CONFIGURATION Debug ===

Check dependencies

Write auxiliary files
/bin/mkdir -p /Users/npyl/Manage-Conky/ConkyX/conky-for-macOS/ManageConky/CMakeFiles/CMakeTmp/CMAKE_TRY_COMPILE.build/Debug/cmTC_40c0d.build/Objects-normal/x86_64
write-file /Users/npyl/Manage-Conky/ConkyX/conky-for-macOS/ManageConky/CMakeFiles/CMakeTmp/CMAKE_TRY_COMPILE.build/Debug/cmTC_40c0d.build/Objects-normal/x86_64/cmTC_40c0d.LinkFileList

CompileC CMAKE_TRY_COMPILE.build/Debug/cmTC_40c0d.build/Objects-normal/x86_64/HAVE_SYS_STATFS_H.o /Users/npyl/Manage-Conky/ConkyX/conky-for-macOS/ManageConky/CMakeFiles/CheckIncludeFiles/HAVE_SYS_STATFS_H.c normal x86_64 c com.apple.compilers.llvm.clang.1_0.compiler
    cd /Users/npyl/Manage-Conky/ConkyX/conky-for-macOS/ManageConky/CMakeFiles/CMakeTmp
    export LANG=en_US.US-ASCII
    /Applications/Xcode.app/Contents/Developer/Toolchains/XcodeDefault.xctoolchain/usr/bin/clang -x c -arch x86_64 -fmessage-length=0 -fdiagnostics-show-note-include-stack -fmacro-backtrace-limit=0 -Wno-trigraphs -fpascal-strings -O0 -Wno-missing-field-initializers -Wno-missing-prototypes -Wno-return-type -Wno-missing-braces -Wparentheses -Wswitch -Wno-unused-function -Wno-unused-label -Wno-unused-parameter -Wno-unused-variable -Wunused-value -Wno-empty-body -Wno-uninitialized -Wno-unknown-pragmas -Wno-shadow -Wno-four-char-constants -Wno-conversion -Wno-constant-conversion -Wno-int-conversion -Wno-bool-conversion -Wno-enum-conversion -Wno-float-conversion -Wno-non-literal-null-conversion -Wno-objc-literal-conversion -Wno-shorten-64-to-32 -Wpointer-sign -Wno-newline-eof -DCMAKE_INTDIR=\"Debug\" -isysroot /Applications/Xcode.app/Contents/Developer/Platforms/MacOSX.platform/Developer/SDKs/MacOSX10.14.sdk -fasm-blocks -fstrict-aliasing -Wdeprecated-declarations -mmacosx-version-min=10.14 -g -Wno-sign-conversion -Wno-infinite-recursion -Wno-comma -Wno-block-capture-autoreleasing -Wno-strict-prototypes -Wno-semicolon-before-method-body -I/Users/npyl/Manage-Conky/ConkyX/conky-for-macOS/ManageConky/CMakeFiles/CMakeTmp/Debug/include -I/Users/npyl/Manage-Conky/ConkyX/conky-for-macOS/ManageConky/CMakeFiles/CMakeTmp/CMAKE_TRY_COMPILE.build/Debug/cmTC_40c0d.build/DerivedSources/x86_64 -I/Users/npyl/Manage-Conky/ConkyX/conky-for-macOS/ManageConky/CMakeFiles/CMakeTmp/CMAKE_TRY_COMPILE.build/Debug/cmTC_40c0d.build/DerivedSources -Wmost -Wno-four-char-constants -Wno-unknown-pragmas -F/Users/npyl/Manage-Conky/ConkyX/conky-for-macOS/ManageConky/CMakeFiles/CMakeTmp/Debug -std=c99 -MMD -MT dependencies -MF /Users/npyl/Manage-Conky/ConkyX/conky-for-macOS/ManageConky/CMakeFiles/CMakeTmp/CMAKE_TRY_COMPILE.build/Debug/cmTC_40c0d.build/Objects-normal/x86_64/HAVE_SYS_STATFS_H.d --serialize-diagnostics /Users/npyl/Manage-Conky/ConkyX/conky-for-macOS/ManageConky/CMakeFiles/CMakeTmp/CMAKE_TRY_COMPILE.build/Debug/cmTC_40c0d.build/Objects-normal/x86_64/HAVE_SYS_STATFS_H.dia -c /Users/npyl/Manage-Conky/ConkyX/conky-for-macOS/ManageConky/CMakeFiles/CheckIncludeFiles/HAVE_SYS_STATFS_H.c -o /Users/npyl/Manage-Conky/ConkyX/conky-for-macOS/ManageConky/CMakeFiles/CMakeTmp/CMAKE_TRY_COMPILE.build/Debug/cmTC_40c0d.build/Objects-normal/x86_64/HAVE_SYS_STATFS_H.o
/Users/npyl/Manage-Conky/ConkyX/conky-for-macOS/ManageConky/CMakeFiles/CheckIncludeFiles/HAVE_SYS_STATFS_H.c:2:10: fatal error: 'sys/statfs.h' file not found
#include <sys/statfs.h>
         ^~~~~~~~~~~~~~
1 error generated.

** BUILD FAILED **


The following build commands failed:
	CompileC CMAKE_TRY_COMPILE.build/Debug/cmTC_40c0d.build/Objects-normal/x86_64/HAVE_SYS_STATFS_H.o /Users/npyl/Manage-Conky/ConkyX/conky-for-macOS/ManageConky/CMakeFiles/CheckIncludeFiles/HAVE_SYS_STATFS_H.c normal x86_64 c com.apple.compilers.llvm.clang.1_0.compiler
(1 failure)

Source:
/* */
#include <sys/statfs.h>


int main(void){return 0;}

Determining if files sys/inotify.h exist failed with the following output:
Change Dir: /Users/npyl/Manage-Conky/ConkyX/conky-for-macOS/ManageConky/CMakeFiles/CMakeTmp

Run Build Command:"/usr/bin/xcodebuild" "-project" "CMAKE_TRY_COMPILE.xcodeproj" "build" "-target" "cmTC_48dd7" "-configuration" "Debug"
Prepare build
note: Using legacy build system

=== BUILD TARGET cmTC_48dd7 OF PROJECT CMAKE_TRY_COMPILE WITH CONFIGURATION Debug ===

Check dependencies

Write auxiliary files
/bin/mkdir -p /Users/npyl/Manage-Conky/ConkyX/conky-for-macOS/ManageConky/CMakeFiles/CMakeTmp/CMAKE_TRY_COMPILE.build/Debug/cmTC_48dd7.build/Objects-normal/x86_64
write-file /Users/npyl/Manage-Conky/ConkyX/conky-for-macOS/ManageConky/CMakeFiles/CMakeTmp/CMAKE_TRY_COMPILE.build/Debug/cmTC_48dd7.build/Objects-normal/x86_64/cmTC_48dd7.LinkFileList

CompileC CMAKE_TRY_COMPILE.build/Debug/cmTC_48dd7.build/Objects-normal/x86_64/HAVE_SYS_INOTIFY_H.o /Users/npyl/Manage-Conky/ConkyX/conky-for-macOS/ManageConky/CMakeFiles/CheckIncludeFiles/HAVE_SYS_INOTIFY_H.c normal x86_64 c com.apple.compilers.llvm.clang.1_0.compiler
    cd /Users/npyl/Manage-Conky/ConkyX/conky-for-macOS/ManageConky/CMakeFiles/CMakeTmp
    export LANG=en_US.US-ASCII
    /Applications/Xcode.app/Contents/Developer/Toolchains/XcodeDefault.xctoolchain/usr/bin/clang -x c -arch x86_64 -fmessage-length=0 -fdiagnostics-show-note-include-stack -fmacro-backtrace-limit=0 -Wno-trigraphs -fpascal-strings -O0 -Wno-missing-field-initializers -Wno-missing-prototypes -Wno-return-type -Wno-missing-braces -Wparentheses -Wswitch -Wno-unused-function -Wno-unused-label -Wno-unused-parameter -Wno-unused-variable -Wunused-value -Wno-empty-body -Wno-uninitialized -Wno-unknown-pragmas -Wno-shadow -Wno-four-char-constants -Wno-conversion -Wno-constant-conversion -Wno-int-conversion -Wno-bool-conversion -Wno-enum-conversion -Wno-float-conversion -Wno-non-literal-null-conversion -Wno-objc-literal-conversion -Wno-shorten-64-to-32 -Wpointer-sign -Wno-newline-eof -DCMAKE_INTDIR=\"Debug\" -isysroot /Applications/Xcode.app/Contents/Developer/Platforms/MacOSX.platform/Developer/SDKs/MacOSX10.14.sdk -fasm-blocks -fstrict-aliasing -Wdeprecated-declarations -mmacosx-version-min=10.14 -g -Wno-sign-conversion -Wno-infinite-recursion -Wno-comma -Wno-block-capture-autoreleasing -Wno-strict-prototypes -Wno-semicolon-before-method-body -I/Users/npyl/Manage-Conky/ConkyX/conky-for-macOS/ManageConky/CMakeFiles/CMakeTmp/Debug/include -I/Users/npyl/Manage-Conky/ConkyX/conky-for-macOS/ManageConky/CMakeFiles/CMakeTmp/CMAKE_TRY_COMPILE.build/Debug/cmTC_48dd7.build/DerivedSources/x86_64 -I/Users/npyl/Manage-Conky/ConkyX/conky-for-macOS/ManageConky/CMakeFiles/CMakeTmp/CMAKE_TRY_COMPILE.build/Debug/cmTC_48dd7.build/DerivedSources -Wmost -Wno-four-char-constants -Wno-unknown-pragmas -F/Users/npyl/Manage-Conky/ConkyX/conky-for-macOS/ManageConky/CMakeFiles/CMakeTmp/Debug -std=c99 -MMD -MT dependencies -MF /Users/npyl/Manage-Conky/ConkyX/conky-for-macOS/ManageConky/CMakeFiles/CMakeTmp/CMAKE_TRY_COMPILE.build/Debug/cmTC_48dd7.build/Objects-normal/x86_64/HAVE_SYS_INOTIFY_H.d --serialize-diagnostics /Users/npyl/Manage-Conky/ConkyX/conky-for-macOS/ManageConky/CMakeFiles/CMakeTmp/CMAKE_TRY_COMPILE.build/Debug/cmTC_48dd7.build/Objects-normal/x86_64/HAVE_SYS_INOTIFY_H.dia -c /Users/npyl/Manage-Conky/ConkyX/conky-for-macOS/ManageConky/CMakeFiles/CheckIncludeFiles/HAVE_SYS_INOTIFY_H.c -o /Users/npyl/Manage-Conky/ConkyX/conky-for-macOS/ManageConky/CMakeFiles/CMakeTmp/CMAKE_TRY_COMPILE.build/Debug/cmTC_48dd7.build/Objects-normal/x86_64/HAVE_SYS_INOTIFY_H.o
/Users/npyl/Manage-Conky/ConkyX/conky-for-macOS/ManageConky/CMakeFiles/CheckIncludeFiles/HAVE_SYS_INOTIFY_H.c:2:10: fatal error: 'sys/inotify.h' file not found
#include <sys/inotify.h>
         ^~~~~~~~~~~~~~~
1 error generated.

** BUILD FAILED **


The following build commands failed:
	CompileC CMAKE_TRY_COMPILE.build/Debug/cmTC_48dd7.build/Objects-normal/x86_64/HAVE_SYS_INOTIFY_H.o /Users/npyl/Manage-Conky/ConkyX/conky-for-macOS/ManageConky/CMakeFiles/CheckIncludeFiles/HAVE_SYS_INOTIFY_H.c normal x86_64 c com.apple.compilers.llvm.clang.1_0.compiler
(1 failure)

Source:
/* */
#include <sys/inotify.h>


int main(void){return 0;}

Determining if the pipe2 exist failed with the following output:
Change Dir: /Users/npyl/Manage-Conky/ConkyX/conky-for-macOS/ManageConky/CMakeFiles/CMakeTmp

Run Build Command:"/usr/bin/xcodebuild" "-project" "CMAKE_TRY_COMPILE.xcodeproj" "build" "-target" "cmTC_1b259" "-configuration" "Debug"
Prepare build
note: Using legacy build system

=== BUILD TARGET cmTC_1b259 OF PROJECT CMAKE_TRY_COMPILE WITH CONFIGURATION Debug ===

Check dependencies

Write auxiliary files
/bin/mkdir -p /Users/npyl/Manage-Conky/ConkyX/conky-for-macOS/ManageConky/CMakeFiles/CMakeTmp/CMAKE_TRY_COMPILE.build/Debug/cmTC_1b259.build/Objects-normal/x86_64
write-file /Users/npyl/Manage-Conky/ConkyX/conky-for-macOS/ManageConky/CMakeFiles/CMakeTmp/CMAKE_TRY_COMPILE.build/Debug/cmTC_1b259.build/Objects-normal/x86_64/cmTC_1b259.LinkFileList

CompileC CMAKE_TRY_COMPILE.build/Debug/cmTC_1b259.build/Objects-normal/x86_64/CheckSymbolExists.o CheckSymbolExists.c normal x86_64 c com.apple.compilers.llvm.clang.1_0.compiler
    cd /Users/npyl/Manage-Conky/ConkyX/conky-for-macOS/ManageConky/CMakeFiles/CMakeTmp
    export LANG=en_US.US-ASCII
    /Applications/Xcode.app/Contents/Developer/Toolchains/XcodeDefault.xctoolchain/usr/bin/clang -x c -arch x86_64 -fmessage-length=0 -fdiagnostics-show-note-include-stack -fmacro-backtrace-limit=0 -Wno-trigraphs -fpascal-strings -O0 -Wno-missing-field-initializers -Wno-missing-prototypes -Wno-return-type -Wno-missing-braces -Wparentheses -Wswitch -Wno-unused-function -Wno-unused-label -Wno-unused-parameter -Wno-unused-variable -Wunused-value -Wno-empty-body -Wno-uninitialized -Wno-unknown-pragmas -Wno-shadow -Wno-four-char-constants -Wno-conversion -Wno-constant-conversion -Wno-int-conversion -Wno-bool-conversion -Wno-enum-conversion -Wno-float-conversion -Wno-non-literal-null-conversion -Wno-objc-literal-conversion -Wno-shorten-64-to-32 -Wpointer-sign -Wno-newline-eof -DCMAKE_INTDIR=\"Debug\" -isysroot /Applications/Xcode.app/Contents/Developer/Platforms/MacOSX.platform/Developer/SDKs/MacOSX10.14.sdk -fasm-blocks -fstrict-aliasing -Wdeprecated-declarations -mmacosx-version-min=10.14 -g -Wno-sign-conversion -Wno-infinite-recursion -Wno-comma -Wno-block-capture-autoreleasing -Wno-strict-prototypes -Wno-semicolon-before-method-body -I/Users/npyl/Manage-Conky/ConkyX/conky-for-macOS/ManageConky/CMakeFiles/CMakeTmp/Debug/include -I/Users/npyl/Manage-Conky/ConkyX/conky-for-macOS/ManageConky/CMakeFiles/CMakeTmp/CMAKE_TRY_COMPILE.build/Debug/cmTC_1b259.build/DerivedSources/x86_64 -I/Users/npyl/Manage-Conky/ConkyX/conky-for-macOS/ManageConky/CMakeFiles/CMakeTmp/CMAKE_TRY_COMPILE.build/Debug/cmTC_1b259.build/DerivedSources -Wmost -Wno-four-char-constants -Wno-unknown-pragmas -F/Users/npyl/Manage-Conky/ConkyX/conky-for-macOS/ManageConky/CMakeFiles/CMakeTmp/Debug -std=c99 -MMD -MT dependencies -MF /Users/npyl/Manage-Conky/ConkyX/conky-for-macOS/ManageConky/CMakeFiles/CMakeTmp/CMAKE_TRY_COMPILE.build/Debug/cmTC_1b259.build/Objects-normal/x86_64/CheckSymbolExists.d --serialize-diagnostics /Users/npyl/Manage-Conky/ConkyX/conky-for-macOS/ManageConky/CMakeFiles/CMakeTmp/CMAKE_TRY_COMPILE.build/Debug/cmTC_1b259.build/Objects-normal/x86_64/CheckSymbolExists.dia -c /Users/npyl/Manage-Conky/ConkyX/conky-for-macOS/ManageConky/CMakeFiles/CMakeTmp/CheckSymbolExists.c -o /Users/npyl/Manage-Conky/ConkyX/conky-for-macOS/ManageConky/CMakeFiles/CMakeTmp/CMAKE_TRY_COMPILE.build/Debug/cmTC_1b259.build/Objects-normal/x86_64/CheckSymbolExists.o
/Users/npyl/Manage-Conky/ConkyX/conky-for-macOS/ManageConky/CMakeFiles/CMakeTmp/CheckSymbolExists.c:8:19: error: use of undeclared identifier 'pipe2'; did you mean 'pipe'?
  return ((int*)(&pipe2))[argc];
                  ^~~~~
                  pipe
In file included from /Users/npyl/Manage-Conky/ConkyX/conky-for-macOS/ManageConky/CMakeFiles/CMakeTmp/CheckSymbolExists.c:2:
/Applications/Xcode.app/Contents/Developer/Platforms/MacOSX.platform/Developer/SDKs/MacOSX10.14.sdk/usr/include/unistd.h:469:6: note: 'pipe' declared here
int      pipe(int [2]);
         ^
1 error generated.

** BUILD FAILED **


The following build commands failed:
	CompileC CMAKE_TRY_COMPILE.build/Debug/cmTC_1b259.build/Objects-normal/x86_64/CheckSymbolExists.o CheckSymbolExists.c normal x86_64 c com.apple.compilers.llvm.clang.1_0.compiler
(1 failure)

File /Users/npyl/Manage-Conky/ConkyX/conky-for-macOS/ManageConky/CMakeFiles/CMakeTmp/CheckSymbolExists.c:
/* */
#include <unistd.h>

int main(int argc, char** argv)
{
  (void)argv;
#ifndef pipe2
  return ((int*)(&pipe2))[argc];
#else
  (void)argc;
  return 0;
#endif
}

Determining if files sys/soundcard.h exist failed with the following output:
Change Dir: /Users/npyl/Manage-Conky/ConkyX/conky-for-macOS/ManageConky/CMakeFiles/CMakeTmp

Run Build Command:"/usr/bin/xcodebuild" "-project" "CMAKE_TRY_COMPILE.xcodeproj" "build" "-target" "cmTC_15978" "-configuration" "Debug"
Prepare build
note: Using legacy build system

=== BUILD TARGET cmTC_15978 OF PROJECT CMAKE_TRY_COMPILE WITH CONFIGURATION Debug ===

Check dependencies

Write auxiliary files
/bin/mkdir -p /Users/npyl/Manage-Conky/ConkyX/conky-for-macOS/ManageConky/CMakeFiles/CMakeTmp/CMAKE_TRY_COMPILE.build/Debug/cmTC_15978.build/Objects-normal/x86_64
write-file /Users/npyl/Manage-Conky/ConkyX/conky-for-macOS/ManageConky/CMakeFiles/CMakeTmp/CMAKE_TRY_COMPILE.build/Debug/cmTC_15978.build/Objects-normal/x86_64/cmTC_15978.LinkFileList

CompileC CMAKE_TRY_COMPILE.build/Debug/cmTC_15978.build/Objects-normal/x86_64/HAVE_SOME_SOUNDCARD_H.o /Users/npyl/Manage-Conky/ConkyX/conky-for-macOS/ManageConky/CMakeFiles/CheckIncludeFiles/HAVE_SOME_SOUNDCARD_H.c normal x86_64 c com.apple.compilers.llvm.clang.1_0.compiler
    cd /Users/npyl/Manage-Conky/ConkyX/conky-for-macOS/ManageConky/CMakeFiles/CMakeTmp
    export LANG=en_US.US-ASCII
    /Applications/Xcode.app/Contents/Developer/Toolchains/XcodeDefault.xctoolchain/usr/bin/clang -x c -arch x86_64 -fmessage-length=0 -fdiagnostics-show-note-include-stack -fmacro-backtrace-limit=0 -Wno-trigraphs -fpascal-strings -O0 -Wno-missing-field-initializers -Wno-missing-prototypes -Wno-return-type -Wno-missing-braces -Wparentheses -Wswitch -Wno-unused-function -Wno-unused-label -Wno-unused-parameter -Wno-unused-variable -Wunused-value -Wno-empty-body -Wno-uninitialized -Wno-unknown-pragmas -Wno-shadow -Wno-four-char-constants -Wno-conversion -Wno-constant-conversion -Wno-int-conversion -Wno-bool-conversion -Wno-enum-conversion -Wno-float-conversion -Wno-non-literal-null-conversion -Wno-objc-literal-conversion -Wno-shorten-64-to-32 -Wpointer-sign -Wno-newline-eof -DCMAKE_INTDIR=\"Debug\" -isysroot /Applications/Xcode.app/Contents/Developer/Platforms/MacOSX.platform/Developer/SDKs/MacOSX10.14.sdk -fasm-blocks -fstrict-aliasing -Wdeprecated-declarations -mmacosx-version-min=10.14 -g -Wno-sign-conversion -Wno-infinite-recursion -Wno-comma -Wno-block-capture-autoreleasing -Wno-strict-prototypes -Wno-semicolon-before-method-body -I/Users/npyl/Manage-Conky/ConkyX/conky-for-macOS/ManageConky/CMakeFiles/CMakeTmp/Debug/include -I/Users/npyl/Manage-Conky/ConkyX/conky-for-macOS/ManageConky/CMakeFiles/CMakeTmp/CMAKE_TRY_COMPILE.build/Debug/cmTC_15978.build/DerivedSources/x86_64 -I/Users/npyl/Manage-Conky/ConkyX/conky-for-macOS/ManageConky/CMakeFiles/CMakeTmp/CMAKE_TRY_COMPILE.build/Debug/cmTC_15978.build/DerivedSources -Wmost -Wno-four-char-constants -Wno-unknown-pragmas -F/Users/npyl/Manage-Conky/ConkyX/conky-for-macOS/ManageConky/CMakeFiles/CMakeTmp/Debug -std=c99 -MMD -MT dependencies -MF /Users/npyl/Manage-Conky/ConkyX/conky-for-macOS/ManageConky/CMakeFiles/CMakeTmp/CMAKE_TRY_COMPILE.build/Debug/cmTC_15978.build/Objects-normal/x86_64/HAVE_SOME_SOUNDCARD_H.d --serialize-diagnostics /Users/npyl/Manage-Conky/ConkyX/conky-for-macOS/ManageConky/CMakeFiles/CMakeTmp/CMAKE_TRY_COMPILE.build/Debug/cmTC_15978.build/Objects-normal/x86_64/HAVE_SOME_SOUNDCARD_H.dia -c /Users/npyl/Manage-Conky/ConkyX/conky-for-macOS/ManageConky/CMakeFiles/CheckIncludeFiles/HAVE_SOME_SOUNDCARD_H.c -o /Users/npyl/Manage-Conky/ConkyX/conky-for-macOS/ManageConky/CMakeFiles/CMakeTmp/CMAKE_TRY_COMPILE.build/Debug/cmTC_15978.build/Objects-normal/x86_64/HAVE_SOME_SOUNDCARD_H.o
/Users/npyl/Manage-Conky/ConkyX/conky-for-macOS/ManageConky/CMakeFiles/CheckIncludeFiles/HAVE_SOME_SOUNDCARD_H.c:2:10: fatal error: 'sys/soundcard.h' file not found
#include <sys/soundcard.h>
         ^~~~~~~~~~~~~~~~~
1 error generated.

** BUILD FAILED **


The following build commands failed:
	CompileC CMAKE_TRY_COMPILE.build/Debug/cmTC_15978.build/Objects-normal/x86_64/HAVE_SOME_SOUNDCARD_H.o /Users/npyl/Manage-Conky/ConkyX/conky-for-macOS/ManageConky/CMakeFiles/CheckIncludeFiles/HAVE_SOME_SOUNDCARD_H.c normal x86_64 c com.apple.compilers.llvm.clang.1_0.compiler
(1 failure)

Source:
/* */
#include <sys/soundcard.h>


int main(void){return 0;}

